<?xml version="1.0" encoding="UTF-8"?>
<!-- Generated by org.testng.reporters.JUnitReportReporter -->
<testsuite hostname="JiteshParekh" failures="0" tests="1" name="tests.TestsOnLocalAPI" time="1.065" errors="0" timestamp="2023-07-19T11:46:47 EDT" skipped="0">
  <testcase classname="tests.TestsOnLocalAPI" name="testDelete" time="1.065"/>
  <system-out/>
</testsuite> <!-- tests.TestsOnLocalAPI -->
