<?xml version="1.0" encoding="UTF-8"?>
<!-- Generated by org.testng.reporters.JUnitReportReporter -->
<testsuite hostname="JiteshParekh" failures="0" tests="3" name="tests.PutPatchDeleteExample" time="4.609" errors="0" timestamp="2023-07-19T11:00:15 EDT" skipped="0">
  <testcase classname="tests.PutPatchDeleteExample" name="testPut" time="0.541"/>
  <system-out/>
  <testcase classname="tests.PutPatchDeleteExample" name="testDelete" time="3.509"/>
  <system-out/>
  <testcase classname="tests.PutPatchDeleteExample" name="testPatch" time="0.559"/>
  <system-out/>
</testsuite> <!-- tests.PutPatchDeleteExample -->
