<?xml version="1.0" encoding="UTF-8"?>
<!-- Generated by org.testng.reporters.JUnitReportReporter -->
<testsuite hostname="JiteshParekh" failures="0" tests="1" name="tests.GetAndPostExample" time="2.256" errors="0" timestamp="2023-07-18T12:10:05 EDT" skipped="0">
  <testcase classname="tests.GetAndPostExample" name="testPost" time="2.256"/>
  <system-out/>
</testsuite> <!-- tests.GetAndPostExample -->
