<?xml version="1.0" encoding="UTF-8"?>
<!-- Generated by org.testng.reporters.JUnitReportReporter -->
<testsuite hostname="JiteshParekh" failures="0" tests="1" name="tests.SoapXMLRequest" time="1.648" errors="0" timestamp="2023-07-19T12:56:58 EDT" skipped="0">
  <testcase classname="tests.SoapXMLRequest" name="validateSoapXML" time="1.648"/>
  <system-out/>
</testsuite> <!-- tests.SoapXMLRequest -->
