<?xml version="1.0" encoding="UTF-8"?>
<!-- Generated by org.testng.reporters.JUnitReportReporter -->
<testsuite hostname="JiteshParekh" failures="0" tests="1" name="tests.TestsExamples" time="1.189" errors="0" timestamp="2023-07-17T13:01:36 EDT" skipped="0">
  <testcase classname="tests.TestsExamples" name="test_1" time="1.189"/>
  <system-out/>
</testsuite> <!-- tests.TestsExamples -->
