<?xml version="1.0" encoding="UTF-8"?>
<!-- Generated by org.testng.reporters.JUnitReportReporter -->
<testsuite hostname="JiteshParekh" failures="0" tests="1" name="tests.JSONSchemaValidator" time="1.664" errors="0" timestamp="2023-07-19T12:22:24 EDT" skipped="0">
  <testcase classname="tests.JSONSchemaValidator" name="testGet" time="1.664"/>
  <system-out/>
</testsuite> <!-- tests.JSONSchemaValidator -->
